<?xml version="1.0" encoding="UTF-8"?>
<testsuites>
  <testsuite name="/Users/arielmejia/Developer/Packages/larapex-charts/phpunit.xml.dist" tests="16" assertions="66" errors="0" failures="0" skipped="0" time="0.064587">
    <testsuite name="Larapex Charts Test Suite" tests="16" assertions="66" errors="0" failures="0" skipped="0" time="0.064587">
      <testsuite name="ArielMejiaDev\LarapexCharts\Tests\Unit\ChartsTest" file="/Users/arielmejia/Developer/Packages/larapex-charts/tests/Unit/ChartsTest.php" tests="4" assertions="33" errors="0" failures="0" skipped="0" time="0.060374">
        <testcase name="it_tests_larapex_charts_can_load_script_correctly" file="/Users/arielmejia/Developer/Packages/larapex-charts/tests/Unit/ChartsTest.php" line="43" class="ArielMejiaDev\LarapexCharts\Tests\Unit\ChartsTest" classname="ArielMejiaDev.LarapexCharts.Tests.Unit.ChartsTest" assertions="1" time="0.019106"/>
        <testcase name="it_tests_larapex_chart_cdn_returns_a_correct_url" file="/Users/arielmejia/Developer/Packages/larapex-charts/tests/Unit/ChartsTest.php" line="64" class="ArielMejiaDev\LarapexCharts\Tests\Unit\ChartsTest" classname="ArielMejiaDev.LarapexCharts.Tests.Unit.ChartsTest" assertions="1" time="0.000098"/>
        <testcase name="it_tests_larapex_charts_can_change_default_config_colors" file="/Users/arielmejia/Developer/Packages/larapex-charts/tests/Unit/ChartsTest.php" line="55" class="ArielMejiaDev\LarapexCharts\Tests\Unit\ChartsTest" classname="ArielMejiaDev.LarapexCharts.Tests.Unit.ChartsTest" assertions="1" time="0.001184"/>
        <testcase name="it_tests_larapex_charts_install_add_chart_stubs" file="/Users/arielmejia/Developer/Packages/larapex-charts/tests/Unit/ChartsTest.php" line="10" class="ArielMejiaDev\LarapexCharts\Tests\Unit\ChartsTest" classname="ArielMejiaDev.LarapexCharts.Tests.Unit.ChartsTest" assertions="30" time="0.039986"/>
      </testsuite>
      <testsuite name="ArielMejiaDev\LarapexCharts\Tests\Feature\ChartsTest" file="/Users/arielmejia/Developer/Packages/larapex-charts/tests/Feature/ChartsTest.php" tests="12" assertions="33" errors="0" failures="0" skipped="0" time="0.004213">
        <testcase name="it_tests_larapex_charts_can_render_horizontal_bar_chart" file="/Users/arielmejia/Developer/Packages/larapex-charts/tests/Feature/ChartsTest.php" line="186" class="ArielMejiaDev\LarapexCharts\Tests\Feature\ChartsTest" classname="ArielMejiaDev.LarapexCharts.Tests.Feature.ChartsTest" assertions="4" time="0.001080"/>
        <testcase name="it_tests_larapex_charts_can_render_pie_charts_by_default" file="/Users/arielmejia/Developer/Packages/larapex-charts/tests/Feature/ChartsTest.php" line="12" class="ArielMejiaDev\LarapexCharts\Tests\Feature\ChartsTest" classname="ArielMejiaDev.LarapexCharts.Tests.Feature.ChartsTest" assertions="2" time="0.000288"/>
        <testcase name="it_tests_larapex_charts_can_render_stacked_bar_chart" file="/Users/arielmejia/Developer/Packages/larapex-charts/tests/Feature/ChartsTest.php" line="158" class="ArielMejiaDev\LarapexCharts\Tests\Feature\ChartsTest" classname="ArielMejiaDev.LarapexCharts.Tests.Feature.ChartsTest" assertions="4" time="0.000186"/>
        <testcase name="it_tests_larapex_charts_can_render_radar_chart" file="/Users/arielmejia/Developer/Packages/larapex-charts/tests/Feature/ChartsTest.php" line="239" class="ArielMejiaDev\LarapexCharts\Tests\Feature\ChartsTest" classname="ArielMejiaDev.LarapexCharts.Tests.Feature.ChartsTest" assertions="3" time="0.000436"/>
        <testcase name="it_tests_larapex_charts_can_render_heatmap_chart" file="/Users/arielmejia/Developer/Packages/larapex-charts/tests/Feature/ChartsTest.php" line="215" class="ArielMejiaDev\LarapexCharts\Tests\Feature\ChartsTest" classname="ArielMejiaDev.LarapexCharts.Tests.Feature.ChartsTest" assertions="3" time="0.000263"/>
        <testcase name="it_tests_larapex_charts_can_create_an_area_chart" file="/Users/arielmejia/Developer/Packages/larapex-charts/tests/Feature/ChartsTest.php" line="95" class="ArielMejiaDev\LarapexCharts\Tests\Feature\ChartsTest" classname="ArielMejiaDev.LarapexCharts.Tests.Feature.ChartsTest" assertions="3" time="0.000184"/>
        <testcase name="it_tests_larapex_can_render_radial_bar_charts" file="/Users/arielmejia/Developer/Packages/larapex-charts/tests/Feature/ChartsTest.php" line="47" class="ArielMejiaDev\LarapexCharts\Tests\Feature\ChartsTest" classname="ArielMejiaDev.LarapexCharts.Tests.Feature.ChartsTest" assertions="2" time="0.000473"/>
        <testcase name="it_tests_larapex_charts_can_render_polar_chart" file="/Users/arielmejia/Developer/Packages/larapex-charts/tests/Feature/ChartsTest.php" line="59" class="ArielMejiaDev\LarapexCharts\Tests\Feature\ChartsTest" classname="ArielMejiaDev.LarapexCharts.Tests.Feature.ChartsTest" assertions="2" time="0.000315"/>
        <testcase name="it_tests_larapex_charts_can_render_donut_chart" file="/Users/arielmejia/Developer/Packages/larapex-charts/tests/Feature/ChartsTest.php" line="35" class="ArielMejiaDev\LarapexCharts\Tests\Feature\ChartsTest" classname="ArielMejiaDev.LarapexCharts.Tests.Feature.ChartsTest" assertions="2" time="0.000261"/>
        <testcase name="it_tests_larapex_charts_can_render_bar_charts" file="/Users/arielmejia/Developer/Packages/larapex-charts/tests/Feature/ChartsTest.php" line="120" class="ArielMejiaDev\LarapexCharts\Tests\Feature\ChartsTest" classname="ArielMejiaDev.LarapexCharts.Tests.Feature.ChartsTest" assertions="3" time="0.000198"/>
        <testcase name="it_tests_larapex_charts_can_render_pie_chart" file="/Users/arielmejia/Developer/Packages/larapex-charts/tests/Feature/ChartsTest.php" line="21" class="ArielMejiaDev\LarapexCharts\Tests\Feature\ChartsTest" classname="ArielMejiaDev.LarapexCharts.Tests.Feature.ChartsTest" assertions="2" time="0.000259"/>
        <testcase name="larapex_can_render_line_charts" file="/Users/arielmejia/Developer/Packages/larapex-charts/tests/Feature/ChartsTest.php" line="71" class="ArielMejiaDev\LarapexCharts\Tests\Feature\ChartsTest" classname="ArielMejiaDev.LarapexCharts.Tests.Feature.ChartsTest" assertions="3" time="0.000270"/>
      </testsuite>
    </testsuite>
  </testsuite>
</testsuites>
